2025-04-24 15:12:13,106 - metrics_collector - INFO - Starting metrics collector
2025-04-24 15:12:13,108 - metrics_collector - INFO - Initialized CSV file with headers: ['timestamp', 'workload_type', 'message_rate', 'payload_size', 'batch_size', 'kafka_server_brokertopicmetrics_messagesin_total', 'kafka_server_brokertopicmetrics_bytesin_total', 'message_size_bytes', 'message_rate_variance', 'process_cpu_seconds_total', 'java_lang_memory_heapmemoryusage_used', 'node_disk_io_time_seconds_total', 'memory_usage_variance', 'kafka_network_requestmetrics_totaltimems', 'kafka_server_brokertopicmetrics_totalproducerequests_total', 'java_lang_threading_threadcount', 'request_rate_variance', 'node_memory_MemAvailable_bytes', 'node_disk_read_bytes_total', 'node_disk_write_bytes_total']
2025-04-24 15:12:13,108 - metrics_collector - INFO - Metrics collector started, writing to all_metrics.csv
2025-04-24 15:12:13,205 - metrics_collector - INFO - Metrics collected at 2025-04-24T15:12:13.108408
2025-04-24 15:12:28,312 - metrics_collector - INFO - Metrics collected at 2025-04-24T15:12:28.206742
2025-04-24 15:12:43,433 - metrics_collector - INFO - Metrics collected at 2025-04-24T15:12:43.314733
2025-04-24 15:12:58,541 - metrics_collector - INFO - Metrics collected at 2025-04-24T15:12:58.439561
2025-04-24 15:13:13,616 - metrics_collector - INFO - Metrics collected at 2025-04-24T15:13:13.541481
2025-04-24 15:13:28,739 - metrics_collector - INFO - Metrics collected at 2025-04-24T15:13:28.619952
2025-04-24 15:13:43,859 - metrics_collector - INFO - Metrics collected at 2025-04-24T15:13:43.743475
2025-04-24 15:13:58,942 - metrics_collector - INFO - Metrics collected at 2025-04-24T15:13:58.861178
2025-04-24 15:14:14,044 - metrics_collector - INFO - Metrics collected at 2025-04-24T15:14:13.943236
2025-04-24 15:14:29,146 - metrics_collector - INFO - Metrics collected at 2025-04-24T15:14:29.049084
2025-04-24 15:14:44,244 - metrics_collector - INFO - Metrics collected at 2025-04-24T15:14:44.148663
2025-04-24 15:14:59,358 - metrics_collector - INFO - Metrics collected at 2025-04-24T15:14:59.250131
2025-04-24 15:15:14,467 - metrics_collector - INFO - Metrics collected at 2025-04-24T15:15:14.364688
2025-04-24 15:15:29,571 - metrics_collector - INFO - Metrics collected at 2025-04-24T15:15:29.472115
2025-04-24 15:15:44,698 - metrics_collector - INFO - Metrics collected at 2025-04-24T15:15:44.576337
2025-04-24 15:15:59,793 - metrics_collector - INFO - Metrics collected at 2025-04-24T15:15:59.703687
2025-04-24 15:16:14,867 - metrics_collector - INFO - Metrics collected at 2025-04-24T15:16:14.795556
2025-04-24 15:16:29,951 - metrics_collector - INFO - Metrics collected at 2025-04-24T15:16:29.872762
2025-04-24 15:16:45,132 - metrics_collector - INFO - Metrics collected at 2025-04-24T15:16:44.954088
2025-04-24 15:17:00,243 - metrics_collector - INFO - Metrics collected at 2025-04-24T15:17:00.138367
2025-04-24 15:17:15,347 - metrics_collector - INFO - Metrics collected at 2025-04-24T15:17:15.248755
2025-04-24 15:17:30,435 - metrics_collector - INFO - Metrics collected at 2025-04-24T15:17:30.352457
2025-04-24 15:17:45,577 - metrics_collector - INFO - Metrics collected at 2025-04-24T15:17:45.437547
2025-04-24 15:18:00,669 - metrics_collector - INFO - Metrics collected at 2025-04-24T15:18:00.583257
2025-04-24 15:18:15,764 - metrics_collector - INFO - Metrics collected at 2025-04-24T15:18:15.669305
2025-04-24 15:18:30,875 - metrics_collector - INFO - Metrics collected at 2025-04-24T15:18:30.769774
2025-04-24 15:18:45,985 - metrics_collector - INFO - Metrics collected at 2025-04-24T15:18:45.879177
2025-04-24 15:19:01,110 - metrics_collector - INFO - Metrics collected at 2025-04-24T15:19:00.988689
2025-04-24 15:19:16,208 - metrics_collector - INFO - Metrics collected at 2025-04-24T15:19:16.117077
2025-04-24 15:19:31,274 - metrics_collector - INFO - Metrics collected at 2025-04-24T15:19:31.211372
2025-04-24 15:19:46,355 - metrics_collector - INFO - Metrics collected at 2025-04-24T15:19:46.277962
2025-04-24 15:20:01,550 - metrics_collector - INFO - Metrics collected at 2025-04-24T15:20:01.360725
2025-04-24 15:20:16,653 - metrics_collector - INFO - Metrics collected at 2025-04-24T15:20:16.552375
2025-04-24 15:20:31,889 - metrics_collector - INFO - Metrics collected at 2025-04-24T15:20:31.657694
2025-04-24 15:20:46,981 - metrics_collector - INFO - Metrics collected at 2025-04-24T15:20:46.894601
2025-04-24 15:21:02,094 - metrics_collector - INFO - Metrics collected at 2025-04-24T15:21:01.984237
2025-04-24 15:21:17,211 - metrics_collector - INFO - Metrics collected at 2025-04-24T15:21:17.096125
2025-04-24 15:21:32,303 - metrics_collector - INFO - Metrics collected at 2025-04-24T15:21:32.217019
2025-04-24 15:21:47,417 - metrics_collector - INFO - Metrics collected at 2025-04-24T15:21:47.303933
2025-04-24 15:22:02,525 - metrics_collector - INFO - Metrics collected at 2025-04-24T15:22:02.422712
2025-04-24 15:22:17,796 - metrics_collector - INFO - Metrics collected at 2025-04-24T15:22:17.527748
2025-04-24 15:22:32,928 - metrics_collector - INFO - Metrics collected at 2025-04-24T15:22:32.801914
2025-04-24 15:22:48,035 - metrics_collector - INFO - Metrics collected at 2025-04-24T15:22:47.928792
2025-04-24 15:23:03,142 - metrics_collector - INFO - Metrics collected at 2025-04-24T15:23:03.041136
2025-04-24 15:23:18,241 - metrics_collector - INFO - Metrics collected at 2025-04-24T15:23:18.147707
2025-04-24 15:23:33,361 - metrics_collector - INFO - Metrics collected at 2025-04-24T15:23:33.242397
2025-04-24 15:23:48,457 - metrics_collector - INFO - Metrics collected at 2025-04-24T15:23:48.364251
2025-04-24 15:24:03,542 - metrics_collector - INFO - Metrics collected at 2025-04-24T15:24:03.457563
2025-04-24 15:24:18,621 - metrics_collector - INFO - Metrics collected at 2025-04-24T15:24:18.543443
2025-04-24 15:24:33,764 - metrics_collector - INFO - Metrics collected at 2025-04-24T15:24:33.626392
2025-04-24 15:24:48,869 - metrics_collector - INFO - Metrics collected at 2025-04-24T15:24:48.766943
2025-04-24 15:25:03,992 - metrics_collector - INFO - Metrics collected at 2025-04-24T15:25:03.869660
2025-04-24 15:25:19,141 - metrics_collector - INFO - Metrics collected at 2025-04-24T15:25:18.994766
2025-04-24 15:25:34,305 - metrics_collector - INFO - Metrics collected at 2025-04-24T15:25:34.144363
2025-04-24 15:25:49,406 - metrics_collector - INFO - Metrics collected at 2025-04-24T15:25:49.306381
2025-04-24 15:26:04,499 - metrics_collector - INFO - Metrics collected at 2025-04-24T15:26:04.411935
2025-04-24 15:26:19,595 - metrics_collector - INFO - Metrics collected at 2025-04-24T15:26:19.502215
2025-04-24 15:26:34,737 - metrics_collector - INFO - Metrics collected at 2025-04-24T15:26:34.597333
2025-04-24 15:26:49,873 - metrics_collector - INFO - Metrics collected at 2025-04-24T15:26:49.740638
2025-04-24 15:27:05,053 - metrics_collector - INFO - Metrics collected at 2025-04-24T15:27:04.878413
2025-04-24 15:27:20,154 - metrics_collector - INFO - Metrics collected at 2025-04-24T15:27:20.053819
2025-04-24 15:27:35,332 - metrics_collector - INFO - Metrics collected at 2025-04-24T15:27:35.156969
2025-04-24 15:27:50,460 - metrics_collector - INFO - Metrics collected at 2025-04-24T15:27:50.333453
2025-04-24 15:28:05,608 - metrics_collector - INFO - Metrics collected at 2025-04-24T15:28:05.467091
2025-04-24 15:28:20,760 - metrics_collector - INFO - Metrics collected at 2025-04-24T15:28:20.615366
2025-04-24 15:28:35,886 - metrics_collector - INFO - Metrics collected at 2025-04-24T15:28:35.768492
2025-04-24 15:28:50,996 - metrics_collector - INFO - Metrics collected at 2025-04-24T15:28:50.889696
2025-04-24 15:29:06,112 - metrics_collector - INFO - Metrics collected at 2025-04-24T15:29:06.001550
2025-04-24 15:29:21,209 - metrics_collector - INFO - Metrics collected at 2025-04-24T15:29:21.116331
2025-04-24 15:29:36,320 - metrics_collector - INFO - Metrics collected at 2025-04-24T15:29:36.211726
2025-04-24 15:29:51,462 - metrics_collector - INFO - Metrics collected at 2025-04-24T15:29:51.323693
2025-04-24 15:30:06,592 - metrics_collector - INFO - Metrics collected at 2025-04-24T15:30:06.463030
2025-04-24 15:30:21,671 - metrics_collector - INFO - Metrics collected at 2025-04-24T15:30:21.596379
2025-04-24 15:30:36,776 - metrics_collector - INFO - Metrics collected at 2025-04-24T15:30:36.675550
2025-04-24 15:30:51,905 - metrics_collector - INFO - Metrics collected at 2025-04-24T15:30:51.777266
2025-04-24 15:31:07,006 - metrics_collector - INFO - Metrics collected at 2025-04-24T15:31:06.909591
2025-04-24 15:31:22,129 - metrics_collector - INFO - Metrics collected at 2025-04-24T15:31:22.008027
2025-04-24 15:31:37,219 - metrics_collector - INFO - Metrics collected at 2025-04-24T15:31:37.134975
2025-04-24 15:31:52,358 - metrics_collector - INFO - Metrics collected at 2025-04-24T15:31:52.225064
2025-04-24 15:32:07,453 - metrics_collector - INFO - Metrics collected at 2025-04-24T15:32:07.359192
2025-04-24 15:32:22,560 - metrics_collector - INFO - Metrics collected at 2025-04-24T15:32:22.459007
2025-04-24 15:32:37,677 - metrics_collector - INFO - Metrics collected at 2025-04-24T15:32:37.565478
2025-04-24 15:32:52,794 - metrics_collector - INFO - Metrics collected at 2025-04-24T15:32:52.679979
2025-04-24 15:33:07,883 - metrics_collector - INFO - Metrics collected at 2025-04-24T15:33:07.795661
2025-04-24 15:33:22,991 - metrics_collector - INFO - Metrics collected at 2025-04-24T15:33:22.886341
2025-04-24 15:33:38,091 - metrics_collector - INFO - Metrics collected at 2025-04-24T15:33:37.996426
2025-04-24 15:33:53,196 - metrics_collector - INFO - Metrics collected at 2025-04-24T15:33:53.092156
2025-04-24 15:34:08,353 - metrics_collector - INFO - Metrics collected at 2025-04-24T15:34:08.199655
2025-04-24 15:34:23,443 - metrics_collector - INFO - Metrics collected at 2025-04-24T15:34:23.353786
2025-04-24 15:34:38,541 - metrics_collector - INFO - Metrics collected at 2025-04-24T15:34:38.447725
2025-04-24 15:34:53,616 - metrics_collector - INFO - Metrics collected at 2025-04-24T15:34:53.545461
2025-04-24 15:35:08,730 - metrics_collector - INFO - Metrics collected at 2025-04-24T15:35:08.621331
2025-04-24 15:35:23,822 - metrics_collector - INFO - Metrics collected at 2025-04-24T15:35:23.735265
2025-04-24 15:35:38,947 - metrics_collector - INFO - Metrics collected at 2025-04-24T15:35:38.827433
2025-04-24 15:35:54,048 - metrics_collector - INFO - Metrics collected at 2025-04-24T15:35:53.952548
2025-04-24 15:36:09,141 - metrics_collector - INFO - Metrics collected at 2025-04-24T15:36:09.051284
2025-04-24 15:36:24,232 - metrics_collector - INFO - Metrics collected at 2025-04-24T15:36:24.146477
2025-04-24 15:36:39,358 - metrics_collector - INFO - Metrics collected at 2025-04-24T15:36:39.233948
2025-04-24 15:36:54,486 - metrics_collector - INFO - Metrics collected at 2025-04-24T15:36:54.363179
2025-04-24 15:37:09,617 - metrics_collector - INFO - Metrics collected at 2025-04-24T15:37:09.491876
2025-04-24 15:37:24,739 - metrics_collector - INFO - Metrics collected at 2025-04-24T15:37:24.619174
2025-04-24 15:37:39,892 - metrics_collector - INFO - Metrics collected at 2025-04-24T15:37:39.746091
2025-04-24 15:37:54,988 - metrics_collector - INFO - Metrics collected at 2025-04-24T15:37:54.896257
2025-04-24 15:38:10,104 - metrics_collector - INFO - Metrics collected at 2025-04-24T15:38:09.992359
2025-04-24 15:38:25,253 - metrics_collector - INFO - Metrics collected at 2025-04-24T15:38:25.107630
2025-04-24 15:38:40,378 - metrics_collector - INFO - Metrics collected at 2025-04-24T15:38:40.255835
2025-04-24 15:38:55,498 - metrics_collector - INFO - Metrics collected at 2025-04-24T15:38:55.379924
2025-04-24 15:39:10,605 - metrics_collector - INFO - Metrics collected at 2025-04-24T15:39:10.503432
2025-04-24 15:39:25,733 - metrics_collector - INFO - Metrics collected at 2025-04-24T15:39:25.609513
2025-04-24 15:39:40,830 - metrics_collector - INFO - Metrics collected at 2025-04-24T15:39:40.736694
2025-04-24 15:39:55,969 - metrics_collector - INFO - Metrics collected at 2025-04-24T15:39:55.836888
2025-04-24 15:40:11,061 - metrics_collector - INFO - Metrics collected at 2025-04-24T15:40:10.974676
2025-04-24 15:40:26,228 - metrics_collector - INFO - Metrics collected at 2025-04-24T15:40:26.062576
2025-04-24 15:40:41,399 - metrics_collector - INFO - Metrics collected at 2025-04-24T15:40:41.231162
2025-04-24 15:40:56,525 - metrics_collector - INFO - Metrics collected at 2025-04-24T15:40:56.405401
2025-04-24 15:41:11,642 - metrics_collector - INFO - Metrics collected at 2025-04-24T15:41:11.530450
2025-04-24 15:41:26,750 - metrics_collector - INFO - Metrics collected at 2025-04-24T15:41:26.643827
2025-04-24 15:41:41,891 - metrics_collector - INFO - Metrics collected at 2025-04-24T15:41:41.753489
2025-04-24 15:41:57,017 - metrics_collector - INFO - Metrics collected at 2025-04-24T15:41:56.894534
2025-04-24 15:42:12,117 - metrics_collector - INFO - Metrics collected at 2025-04-24T15:42:12.019755
2025-04-24 15:42:27,180 - metrics_collector - INFO - Metrics collected at 2025-04-24T15:42:27.119352
2025-04-24 15:42:42,308 - metrics_collector - INFO - Metrics collected at 2025-04-24T15:42:42.186082
2025-04-24 15:42:57,407 - metrics_collector - INFO - Metrics collected at 2025-04-24T15:42:57.313409
2025-04-24 15:43:12,545 - metrics_collector - INFO - Metrics collected at 2025-04-24T15:43:12.412069
2025-04-24 15:43:27,654 - metrics_collector - INFO - Metrics collected at 2025-04-24T15:43:27.549815
2025-04-24 15:43:42,776 - metrics_collector - INFO - Metrics collected at 2025-04-24T15:43:42.657256
2025-04-24 15:43:57,867 - metrics_collector - INFO - Metrics collected at 2025-04-24T15:43:57.782054
2025-04-24 15:44:12,982 - metrics_collector - INFO - Metrics collected at 2025-04-24T15:44:12.867970
2025-04-24 15:44:28,128 - metrics_collector - INFO - Metrics collected at 2025-04-24T15:44:27.987805
2025-04-24 15:44:43,254 - metrics_collector - INFO - Metrics collected at 2025-04-24T15:44:43.133418
2025-04-24 15:44:58,393 - metrics_collector - INFO - Metrics collected at 2025-04-24T15:44:58.258275
2025-04-24 15:45:13,549 - metrics_collector - INFO - Metrics collected at 2025-04-24T15:45:13.399149
2025-04-24 15:45:28,679 - metrics_collector - INFO - Metrics collected at 2025-04-24T15:45:28.550690
2025-04-24 15:45:43,795 - metrics_collector - INFO - Metrics collected at 2025-04-24T15:45:43.684302
2025-04-24 15:45:58,910 - metrics_collector - INFO - Metrics collected at 2025-04-24T15:45:58.800515
2025-04-24 15:46:14,020 - metrics_collector - INFO - Metrics collected at 2025-04-24T15:46:13.915070
2025-04-24 15:46:29,131 - metrics_collector - INFO - Metrics collected at 2025-04-24T15:46:29.022831
2025-04-24 15:46:44,352 - metrics_collector - INFO - Metrics collected at 2025-04-24T15:46:44.132689
2025-04-24 15:46:59,472 - metrics_collector - INFO - Metrics collected at 2025-04-24T15:46:59.356525
2025-04-24 15:47:14,564 - metrics_collector - INFO - Metrics collected at 2025-04-24T15:47:14.474480
2025-04-24 15:47:29,690 - metrics_collector - INFO - Metrics collected at 2025-04-24T15:47:29.569565
2025-04-24 15:47:44,797 - metrics_collector - INFO - Metrics collected at 2025-04-24T15:47:44.696115
2025-04-24 15:47:59,911 - metrics_collector - INFO - Metrics collected at 2025-04-24T15:47:59.801982
2025-04-24 15:48:15,015 - metrics_collector - INFO - Metrics collected at 2025-04-24T15:48:14.918360
2025-04-24 15:48:30,121 - metrics_collector - INFO - Metrics collected at 2025-04-24T15:48:30.020145
2025-04-24 15:48:45,235 - metrics_collector - INFO - Metrics collected at 2025-04-24T15:48:45.121496
2025-04-24 15:49:00,301 - metrics_collector - INFO - Metrics collected at 2025-04-24T15:49:00.239500
2025-04-24 15:49:15,396 - metrics_collector - INFO - Metrics collected at 2025-04-24T15:49:15.306689
2025-04-24 15:49:30,495 - metrics_collector - INFO - Metrics collected at 2025-04-24T15:49:30.405216
2025-04-24 15:49:45,616 - metrics_collector - INFO - Metrics collected at 2025-04-24T15:49:45.497347
2025-04-24 15:50:00,703 - metrics_collector - INFO - Metrics collected at 2025-04-24T15:50:00.618055
2025-04-24 15:50:15,813 - metrics_collector - INFO - Metrics collected at 2025-04-24T15:50:15.707359
2025-04-24 15:50:30,951 - metrics_collector - INFO - Metrics collected at 2025-04-24T15:50:30.819615
2025-04-24 15:50:46,092 - metrics_collector - INFO - Metrics collected at 2025-04-24T15:50:45.956956
2025-04-24 15:51:01,191 - metrics_collector - INFO - Metrics collected at 2025-04-24T15:51:01.095567
2025-04-24 15:51:16,294 - metrics_collector - INFO - Metrics collected at 2025-04-24T15:51:16.193856
2025-04-24 15:51:31,434 - metrics_collector - INFO - Metrics collected at 2025-04-24T15:51:31.296320
2025-04-24 15:51:46,530 - metrics_collector - INFO - Metrics collected at 2025-04-24T15:51:46.442350
2025-04-24 15:52:01,650 - metrics_collector - INFO - Metrics collected at 2025-04-24T15:52:01.537016
2025-04-24 15:52:16,788 - metrics_collector - INFO - Metrics collected at 2025-04-24T15:52:16.656781
2025-04-24 15:52:31,904 - metrics_collector - INFO - Metrics collected at 2025-04-24T15:52:31.793987
2025-04-24 15:52:47,085 - metrics_collector - INFO - Metrics collected at 2025-04-24T15:52:46.908657
2025-04-24 15:53:02,163 - metrics_collector - INFO - Metrics collected at 2025-04-24T15:53:02.092562
2025-04-24 15:53:17,289 - metrics_collector - INFO - Metrics collected at 2025-04-24T15:53:17.166481
2025-04-24 15:53:32,397 - metrics_collector - INFO - Metrics collected at 2025-04-24T15:53:32.291263
2025-04-24 15:53:47,508 - metrics_collector - INFO - Metrics collected at 2025-04-24T15:53:47.401995
2025-04-24 15:54:02,591 - metrics_collector - INFO - Metrics collected at 2025-04-24T15:54:02.513212
2025-04-24 15:54:17,680 - metrics_collector - INFO - Metrics collected at 2025-04-24T15:54:17.594081
2025-04-24 15:54:32,784 - metrics_collector - INFO - Metrics collected at 2025-04-24T15:54:32.683104
2025-04-24 15:54:47,978 - metrics_collector - INFO - Metrics collected at 2025-04-24T15:54:47.785304
2025-04-24 15:55:03,076 - metrics_collector - INFO - Metrics collected at 2025-04-24T15:55:02.991291
2025-04-24 15:55:18,174 - metrics_collector - INFO - Metrics collected at 2025-04-24T15:55:18.080903
2025-04-24 15:55:33,268 - metrics_collector - INFO - Metrics collected at 2025-04-24T15:55:33.177287
2025-04-24 15:55:48,427 - metrics_collector - INFO - Metrics collected at 2025-04-24T15:55:48.271619
2025-04-24 15:56:03,534 - metrics_collector - INFO - Metrics collected at 2025-04-24T15:56:03.438157
2025-04-24 15:56:18,631 - metrics_collector - INFO - Metrics collected at 2025-04-24T15:56:18.537158
2025-04-24 15:56:33,737 - metrics_collector - INFO - Metrics collected at 2025-04-24T15:56:33.636321
2025-04-24 15:56:48,849 - metrics_collector - INFO - Metrics collected at 2025-04-24T15:56:48.740325
2025-04-24 15:57:04,005 - metrics_collector - INFO - Metrics collected at 2025-04-24T15:57:03.850100
2025-04-24 15:57:19,177 - metrics_collector - INFO - Metrics collected at 2025-04-24T15:57:19.008463
2025-04-24 15:57:34,339 - metrics_collector - INFO - Metrics collected at 2025-04-24T15:57:34.184639
2025-04-24 15:57:49,418 - metrics_collector - INFO - Metrics collected at 2025-04-24T15:57:49.344646
2025-04-24 15:58:04,500 - metrics_collector - INFO - Metrics collected at 2025-04-24T15:58:04.421065
2025-04-24 15:58:19,591 - metrics_collector - INFO - Metrics collected at 2025-04-24T15:58:19.503374
2025-04-24 15:58:34,702 - metrics_collector - INFO - Metrics collected at 2025-04-24T15:58:34.593421
2025-04-24 15:58:49,853 - metrics_collector - INFO - Metrics collected at 2025-04-24T15:58:49.705634
2025-04-24 15:59:04,996 - metrics_collector - INFO - Metrics collected at 2025-04-24T15:59:04.877813
2025-04-24 15:59:20,133 - metrics_collector - INFO - Metrics collected at 2025-04-24T15:59:20.009991
2025-04-24 15:59:35,286 - metrics_collector - INFO - Metrics collected at 2025-04-24T15:59:35.139464
2025-04-24 15:59:50,451 - metrics_collector - INFO - Metrics collected at 2025-04-24T15:59:50.292888
2025-04-24 16:00:05,557 - metrics_collector - INFO - Metrics collected at 2025-04-24T16:00:05.455356
2025-04-24 16:00:20,662 - metrics_collector - INFO - Metrics collected at 2025-04-24T16:00:20.562962
2025-04-24 16:00:35,782 - metrics_collector - INFO - Metrics collected at 2025-04-24T16:00:35.664102
2025-04-24 16:00:50,897 - metrics_collector - INFO - Metrics collected at 2025-04-24T16:00:50.784274
2025-04-24 16:01:05,983 - metrics_collector - INFO - Metrics collected at 2025-04-24T16:01:05.900847
2025-04-24 16:01:21,101 - metrics_collector - INFO - Metrics collected at 2025-04-24T16:01:20.986370
2025-04-24 16:01:36,198 - metrics_collector - INFO - Metrics collected at 2025-04-24T16:01:36.101811
2025-04-24 16:01:51,273 - metrics_collector - INFO - Metrics collected at 2025-04-24T16:01:51.204233
2025-04-24 16:02:06,382 - metrics_collector - INFO - Metrics collected at 2025-04-24T16:02:06.278158
2025-04-24 16:02:21,474 - metrics_collector - INFO - Metrics collected at 2025-04-24T16:02:21.387606
2025-04-24 16:02:36,546 - metrics_collector - INFO - Metrics collected at 2025-04-24T16:02:36.475270
2025-04-24 16:02:51,647 - metrics_collector - INFO - Metrics collected at 2025-04-24T16:02:51.546734
2025-04-24 16:03:06,767 - metrics_collector - INFO - Metrics collected at 2025-04-24T16:03:06.652547
2025-04-24 16:03:21,890 - metrics_collector - INFO - Metrics collected at 2025-04-24T16:03:21.770184
2025-04-24 16:03:37,063 - metrics_collector - INFO - Metrics collected at 2025-04-24T16:03:36.892943
2025-04-24 16:03:52,205 - metrics_collector - INFO - Metrics collected at 2025-04-24T16:03:52.064240
2025-04-24 16:04:07,389 - metrics_collector - INFO - Metrics collected at 2025-04-24T16:04:07.208921
2025-04-24 16:04:22,519 - metrics_collector - INFO - Metrics collected at 2025-04-24T16:04:22.393275
2025-04-24 16:04:37,607 - metrics_collector - INFO - Metrics collected at 2025-04-24T16:04:37.520588
2025-04-24 16:04:52,712 - metrics_collector - INFO - Metrics collected at 2025-04-24T16:04:52.608507
2025-04-24 16:05:07,843 - metrics_collector - INFO - Metrics collected at 2025-04-24T16:05:07.715786
2025-04-24 16:05:23,014 - metrics_collector - INFO - Metrics collected at 2025-04-24T16:05:22.845413
2025-04-24 16:05:38,118 - metrics_collector - INFO - Metrics collected at 2025-04-24T16:05:38.014847
2025-04-24 16:05:53,211 - metrics_collector - INFO - Metrics collected at 2025-04-24T16:05:53.118881
2025-04-24 16:06:08,348 - metrics_collector - INFO - Metrics collected at 2025-04-24T16:06:08.217281
2025-04-24 16:06:23,436 - metrics_collector - INFO - Metrics collected at 2025-04-24T16:06:23.350575
2025-04-24 16:06:38,574 - metrics_collector - INFO - Metrics collected at 2025-04-24T16:06:38.441793
2025-04-24 16:06:53,700 - metrics_collector - INFO - Metrics collected at 2025-04-24T16:06:53.579886
2025-04-24 16:07:08,803 - metrics_collector - INFO - Metrics collected at 2025-04-24T16:07:08.705381
2025-04-24 16:07:23,938 - metrics_collector - INFO - Metrics collected at 2025-04-24T16:07:23.807366
2025-04-24 16:07:39,060 - metrics_collector - INFO - Metrics collected at 2025-04-24T16:07:38.940208
2025-04-24 16:07:54,165 - metrics_collector - INFO - Metrics collected at 2025-04-24T16:07:54.060823
2025-04-24 16:08:09,301 - metrics_collector - INFO - Metrics collected at 2025-04-24T16:08:09.170489
2025-04-24 16:08:24,438 - metrics_collector - INFO - Metrics collected at 2025-04-24T16:08:24.303558
2025-04-24 16:08:39,578 - metrics_collector - INFO - Metrics collected at 2025-04-24T16:08:39.443869
2025-04-24 16:08:54,672 - metrics_collector - INFO - Metrics collected at 2025-04-24T16:08:54.579310
2025-04-24 16:09:09,779 - metrics_collector - INFO - Metrics collected at 2025-04-24T16:09:09.674686
2025-04-24 16:09:24,878 - metrics_collector - INFO - Metrics collected at 2025-04-24T16:09:24.779740
2025-04-24 16:09:39,991 - metrics_collector - INFO - Metrics collected at 2025-04-24T16:09:39.883391
2025-04-24 16:09:55,255 - metrics_collector - INFO - Metrics collected at 2025-04-24T16:09:54.996569
2025-04-24 16:10:10,369 - metrics_collector - INFO - Metrics collected at 2025-04-24T16:10:10.257883
2025-04-24 16:10:25,502 - metrics_collector - INFO - Metrics collected at 2025-04-24T16:10:25.375469
2025-04-24 16:10:40,626 - metrics_collector - INFO - Metrics collected at 2025-04-24T16:10:40.507700
2025-04-24 16:10:55,738 - metrics_collector - INFO - Metrics collected at 2025-04-24T16:10:55.630272
2025-04-24 16:11:10,876 - metrics_collector - INFO - Metrics collected at 2025-04-24T16:11:10.742037
2025-04-24 16:11:26,006 - metrics_collector - INFO - Metrics collected at 2025-04-24T16:11:25.882228
2025-04-24 16:11:41,144 - metrics_collector - INFO - Metrics collected at 2025-04-24T16:11:41.016830
2025-04-24 16:11:56,239 - metrics_collector - INFO - Metrics collected at 2025-04-24T16:11:56.148584
2025-04-24 16:12:11,359 - metrics_collector - INFO - Metrics collected at 2025-04-24T16:12:11.245003
2025-04-24 16:12:26,489 - metrics_collector - INFO - Metrics collected at 2025-04-24T16:12:26.365072
2025-04-24 16:12:41,656 - metrics_collector - INFO - Metrics collected at 2025-04-24T16:12:41.491400
2025-04-24 16:12:56,750 - metrics_collector - INFO - Metrics collected at 2025-04-24T16:12:56.657812
2025-04-24 16:13:11,887 - metrics_collector - INFO - Metrics collected at 2025-04-24T16:13:11.751406
2025-04-24 16:13:27,147 - metrics_collector - INFO - Metrics collected at 2025-04-24T16:13:26.893163
2025-04-24 16:13:42,279 - metrics_collector - INFO - Metrics collected at 2025-04-24T16:13:42.153331
2025-04-24 16:13:57,419 - metrics_collector - INFO - Metrics collected at 2025-04-24T16:13:57.285143
2025-04-24 16:14:12,630 - metrics_collector - INFO - Metrics collected at 2025-04-24T16:14:12.424391
2025-04-24 16:14:27,808 - metrics_collector - INFO - Metrics collected at 2025-04-24T16:14:27.631050
2025-04-24 16:14:43,059 - metrics_collector - INFO - Metrics collected at 2025-04-24T16:14:42.813174
2025-04-24 16:14:58,348 - metrics_collector - INFO - Metrics collected at 2025-04-24T16:14:58.065963
2025-04-24 16:15:13,606 - metrics_collector - INFO - Metrics collected at 2025-04-24T16:15:13.354222
2025-04-24 16:15:28,725 - metrics_collector - INFO - Metrics collected at 2025-04-24T16:15:28.612748
2025-04-24 16:15:43,955 - metrics_collector - INFO - Metrics collected at 2025-04-24T16:15:43.730525
2025-04-24 16:15:59,093 - metrics_collector - INFO - Metrics collected at 2025-04-24T16:15:58.959568
2025-04-24 16:16:14,271 - metrics_collector - INFO - Metrics collected at 2025-04-24T16:16:14.098525
2025-04-24 16:16:29,398 - metrics_collector - INFO - Metrics collected at 2025-04-24T16:16:29.278822
2025-04-24 16:16:44,483 - metrics_collector - INFO - Metrics collected at 2025-04-24T16:16:44.401222
2025-04-24 16:16:59,603 - metrics_collector - INFO - Metrics collected at 2025-04-24T16:16:59.488904
2025-04-24 16:17:14,716 - metrics_collector - INFO - Metrics collected at 2025-04-24T16:17:14.608804
2025-04-24 16:17:29,920 - metrics_collector - INFO - Metrics collected at 2025-04-24T16:17:29.718106
2025-04-24 16:17:45,030 - metrics_collector - INFO - Metrics collected at 2025-04-24T16:17:44.924422
2025-04-24 16:18:00,117 - metrics_collector - INFO - Metrics collected at 2025-04-24T16:18:00.036780
2025-04-24 16:18:15,270 - metrics_collector - INFO - Metrics collected at 2025-04-24T16:18:15.122595
2025-04-24 16:18:30,401 - metrics_collector - INFO - Metrics collected at 2025-04-24T16:18:30.272626
2025-04-24 16:18:45,561 - metrics_collector - INFO - Metrics collected at 2025-04-24T16:18:45.406169
2025-04-24 16:19:00,670 - metrics_collector - INFO - Metrics collected at 2025-04-24T16:19:00.568660
2025-04-24 16:19:15,850 - metrics_collector - INFO - Metrics collected at 2025-04-24T16:19:15.672945
2025-04-24 16:19:30,986 - metrics_collector - INFO - Metrics collected at 2025-04-24T16:19:30.854562
2025-04-24 16:19:46,083 - metrics_collector - INFO - Metrics collected at 2025-04-24T16:19:45.986779
2025-04-24 16:20:01,213 - metrics_collector - INFO - Metrics collected at 2025-04-24T16:20:01.085791
2025-04-24 16:20:16,353 - metrics_collector - INFO - Metrics collected at 2025-04-24T16:20:16.215985
2025-04-24 16:20:31,521 - metrics_collector - INFO - Metrics collected at 2025-04-24T16:20:31.359186
2025-04-24 16:20:46,629 - metrics_collector - INFO - Metrics collected at 2025-04-24T16:20:46.526214
2025-04-24 16:21:01,772 - metrics_collector - INFO - Metrics collected at 2025-04-24T16:21:01.629674
2025-04-24 16:21:16,922 - metrics_collector - INFO - Metrics collected at 2025-04-24T16:21:16.774966
2025-04-24 16:21:32,067 - metrics_collector - INFO - Metrics collected at 2025-04-24T16:21:31.925716
2025-04-24 16:21:47,209 - metrics_collector - INFO - Metrics collected at 2025-04-24T16:21:47.072865
2025-04-24 16:22:02,347 - metrics_collector - INFO - Metrics collected at 2025-04-24T16:22:02.214471
2025-04-24 16:22:17,481 - metrics_collector - INFO - Metrics collected at 2025-04-24T16:22:17.352905
2025-04-24 16:22:32,606 - metrics_collector - INFO - Metrics collected at 2025-04-24T16:22:32.489841
2025-04-24 16:22:47,855 - metrics_collector - INFO - Metrics collected at 2025-04-24T16:22:47.610854
2025-04-24 16:23:03,024 - metrics_collector - INFO - Metrics collected at 2025-04-24T16:23:02.863851
2025-04-24 16:23:18,130 - metrics_collector - INFO - Metrics collected at 2025-04-24T16:23:18.029493
2025-04-24 16:23:33,285 - metrics_collector - INFO - Metrics collected at 2025-04-24T16:23:33.133548
2025-04-24 16:23:48,384 - metrics_collector - INFO - Metrics collected at 2025-04-24T16:23:48.287992
2025-04-24 16:24:03,500 - metrics_collector - INFO - Metrics collected at 2025-04-24T16:24:03.390457
2025-04-24 16:24:18,647 - metrics_collector - INFO - Metrics collected at 2025-04-24T16:24:18.505814
2025-04-24 16:24:33,782 - metrics_collector - INFO - Metrics collected at 2025-04-24T16:24:33.651836
2025-04-24 16:24:49,013 - metrics_collector - INFO - Metrics collected at 2025-04-24T16:24:48.784913
2025-04-24 16:25:04,133 - metrics_collector - INFO - Metrics collected at 2025-04-24T16:25:04.014733
2025-04-24 16:25:19,297 - metrics_collector - INFO - Metrics collected at 2025-04-24T16:25:19.138317
2025-04-24 16:25:34,406 - metrics_collector - INFO - Metrics collected at 2025-04-24T16:25:34.303119
2025-04-24 16:25:49,529 - metrics_collector - INFO - Metrics collected at 2025-04-24T16:25:49.412416
2025-04-24 16:26:04,633 - metrics_collector - INFO - Metrics collected at 2025-04-24T16:26:04.534447
2025-04-24 16:26:19,808 - metrics_collector - INFO - Metrics collected at 2025-04-24T16:26:19.634027
2025-04-24 16:26:34,971 - metrics_collector - INFO - Metrics collected at 2025-04-24T16:26:34.812687
2025-04-24 16:26:50,086 - metrics_collector - INFO - Metrics collected at 2025-04-24T16:26:49.976939
2025-04-24 16:27:05,211 - metrics_collector - INFO - Metrics collected at 2025-04-24T16:27:05.084507
2025-04-24 16:27:20,318 - metrics_collector - INFO - Metrics collected at 2025-04-24T16:27:20.208782
2025-04-24 16:27:35,430 - metrics_collector - INFO - Metrics collected at 2025-04-24T16:27:35.321054
2025-04-24 16:27:50,702 - metrics_collector - INFO - Metrics collected at 2025-04-24T16:27:50.434799
2025-04-24 16:28:05,834 - metrics_collector - INFO - Metrics collected at 2025-04-24T16:28:05.705037
2025-04-24 16:28:21,018 - metrics_collector - INFO - Metrics collected at 2025-04-24T16:28:20.841601
2025-04-24 16:28:36,213 - metrics_collector - INFO - Metrics collected at 2025-04-24T16:28:36.023464
2025-04-24 16:28:51,326 - metrics_collector - INFO - Metrics collected at 2025-04-24T16:28:51.217080
2025-04-24 16:29:06,479 - metrics_collector - INFO - Metrics collected at 2025-04-24T16:29:06.330025
2025-04-24 16:29:21,629 - metrics_collector - INFO - Metrics collected at 2025-04-24T16:29:21.484566
2025-04-24 16:29:36,765 - metrics_collector - INFO - Metrics collected at 2025-04-24T16:29:36.634428
2025-04-24 16:29:51,896 - metrics_collector - INFO - Metrics collected at 2025-04-24T16:29:51.768602
2025-04-24 16:30:07,007 - metrics_collector - INFO - Metrics collected at 2025-04-24T16:30:06.898357
2025-04-24 16:30:22,106 - metrics_collector - INFO - Metrics collected at 2025-04-24T16:30:22.012673
2025-04-24 16:30:37,253 - metrics_collector - INFO - Metrics collected at 2025-04-24T16:30:37.107170
2025-04-24 16:32:43,571 - metrics_collector - INFO - Starting metrics collector
2025-04-24 16:32:43,580 - metrics_collector - INFO - Initialized CSV file with headers: ['timestamp', 'workload_type', 'message_rate', 'payload_size', 'batch_size', 'kafka_server_brokertopicmetrics_messagesin_total', 'kafka_server_brokertopicmetrics_bytesin_total', 'message_size_bytes', 'message_rate_variance', 'process_cpu_seconds_total', 'java_lang_memory_heapmemoryusage_used', 'node_disk_io_time_seconds_total', 'memory_usage_variance', 'kafka_network_requestmetrics_totaltimems', 'kafka_server_brokertopicmetrics_totalproducerequests_total', 'java_lang_threading_threadcount', 'request_rate_variance', 'node_memory_MemAvailable_bytes', 'node_disk_read_bytes_total', 'node_disk_write_bytes_total']
2025-04-24 16:32:43,581 - metrics_collector - INFO - Metrics collector started, writing to all_metrics.csv
2025-04-24 16:32:43,806 - metrics_collector - INFO - Metrics collected at 2025-04-24T16:32:43.580922
2025-04-24 16:32:59,482 - metrics_collector - INFO - Metrics collected at 2025-04-24T16:32:58.844092
2025-04-24 16:33:14,624 - metrics_collector - INFO - Metrics collected at 2025-04-24T16:33:14.486628
2025-04-24 16:33:29,801 - metrics_collector - INFO - Metrics collected at 2025-04-24T16:33:29.629198
2025-04-24 16:33:45,025 - metrics_collector - INFO - Metrics collected at 2025-04-24T16:33:44.803369
2025-04-24 16:34:00,213 - metrics_collector - INFO - Metrics collected at 2025-04-24T16:34:00.030660
2025-04-24 16:34:15,445 - metrics_collector - INFO - Metrics collected at 2025-04-24T16:34:15.217413
2025-04-24 16:34:30,536 - metrics_collector - INFO - Metrics collected at 2025-04-24T16:34:30.451070
2025-04-24 16:34:45,650 - metrics_collector - INFO - Metrics collected at 2025-04-24T16:34:45.542158
2025-04-24 16:35:00,721 - metrics_collector - INFO - Metrics collected at 2025-04-24T16:35:00.655617
2025-04-24 16:35:15,798 - metrics_collector - INFO - Metrics collected at 2025-04-24T16:35:15.723703
2025-04-24 16:35:30,944 - metrics_collector - INFO - Metrics collected at 2025-04-24T16:35:30.803679
2025-04-24 16:35:46,053 - metrics_collector - INFO - Metrics collected at 2025-04-24T16:35:45.948988
2025-04-24 16:36:01,169 - metrics_collector - INFO - Metrics collected at 2025-04-24T16:36:01.058700
2025-04-24 16:36:16,257 - metrics_collector - INFO - Metrics collected at 2025-04-24T16:36:16.170393
2025-04-24 16:36:31,367 - metrics_collector - INFO - Metrics collected at 2025-04-24T16:36:31.261821
2025-04-24 16:36:46,472 - metrics_collector - INFO - Metrics collected at 2025-04-24T16:36:46.371890
2025-04-24 16:37:01,615 - metrics_collector - INFO - Metrics collected at 2025-04-24T16:37:01.476682
2025-04-24 16:37:16,741 - metrics_collector - INFO - Metrics collected at 2025-04-24T16:37:16.620512
2025-04-24 16:37:31,859 - metrics_collector - INFO - Metrics collected at 2025-04-24T16:37:31.750262
2025-04-24 16:37:46,970 - metrics_collector - INFO - Metrics collected at 2025-04-24T16:37:46.864810
2025-04-24 16:38:02,096 - metrics_collector - INFO - Metrics collected at 2025-04-24T16:38:01.974959
2025-04-24 16:38:17,228 - metrics_collector - INFO - Metrics collected at 2025-04-24T16:38:17.099377
2025-04-24 16:38:32,379 - metrics_collector - INFO - Metrics collected at 2025-04-24T16:38:32.234053
2025-04-24 16:38:47,570 - metrics_collector - INFO - Metrics collected at 2025-04-24T16:38:47.382465
2025-04-24 16:39:02,693 - metrics_collector - INFO - Metrics collected at 2025-04-24T16:39:02.573505
2025-04-24 16:39:17,814 - metrics_collector - INFO - Metrics collected at 2025-04-24T16:39:17.698811
2025-04-24 16:39:32,932 - metrics_collector - INFO - Metrics collected at 2025-04-24T16:39:32.818069
2025-04-24 16:39:48,053 - metrics_collector - INFO - Metrics collected at 2025-04-24T16:39:47.936817
2025-04-24 16:40:03,776 - metrics_collector - INFO - Metrics collected at 2025-04-24T16:40:03.061273
2025-04-24 16:40:18,888 - metrics_collector - INFO - Metrics collected at 2025-04-24T16:40:18.793525
2025-04-24 16:40:34,003 - metrics_collector - INFO - Metrics collected at 2025-04-24T16:40:33.894036
2025-04-24 16:40:49,163 - metrics_collector - INFO - Metrics collected at 2025-04-24T16:40:49.007730
2025-04-24 16:41:04,253 - metrics_collector - INFO - Metrics collected at 2025-04-24T16:41:04.167003
2025-04-24 16:41:19,407 - metrics_collector - INFO - Metrics collected at 2025-04-24T16:41:19.254532
2025-04-24 16:41:34,566 - metrics_collector - INFO - Metrics collected at 2025-04-24T16:41:34.416286
2025-04-24 16:41:49,725 - metrics_collector - INFO - Metrics collected at 2025-04-24T16:41:49.572534
2025-04-24 16:42:04,850 - metrics_collector - INFO - Metrics collected at 2025-04-24T16:42:04.727662
2025-04-24 16:42:19,965 - metrics_collector - INFO - Metrics collected at 2025-04-24T16:42:19.857441
2025-04-24 16:42:35,139 - metrics_collector - INFO - Metrics collected at 2025-04-24T16:42:34.970726
2025-04-24 16:42:50,253 - metrics_collector - INFO - Metrics collected at 2025-04-24T16:42:50.142520
2025-04-24 16:43:05,426 - metrics_collector - INFO - Metrics collected at 2025-04-24T16:43:05.256101
2025-04-24 16:43:20,657 - metrics_collector - INFO - Metrics collected at 2025-04-24T16:43:20.431343
2025-04-24 16:43:35,761 - metrics_collector - INFO - Metrics collected at 2025-04-24T16:43:35.660998
2025-04-24 16:43:50,877 - metrics_collector - INFO - Metrics collected at 2025-04-24T16:43:50.766652
2025-04-24 16:44:05,963 - metrics_collector - INFO - Metrics collected at 2025-04-24T16:44:05.877849
2025-04-24 16:44:21,091 - metrics_collector - INFO - Metrics collected at 2025-04-24T16:44:20.969133
2025-04-24 16:44:36,221 - metrics_collector - INFO - Metrics collected at 2025-04-24T16:44:36.102826
2025-04-24 16:44:51,319 - metrics_collector - INFO - Metrics collected at 2025-04-24T16:44:51.230563
2025-04-24 16:45:06,425 - metrics_collector - INFO - Metrics collected at 2025-04-24T16:45:06.323377
2025-04-24 16:45:21,507 - metrics_collector - INFO - Metrics collected at 2025-04-24T16:45:21.429443
2025-04-24 16:45:36,617 - metrics_collector - INFO - Metrics collected at 2025-04-24T16:45:36.513033
2025-04-24 16:45:51,745 - metrics_collector - INFO - Metrics collected at 2025-04-24T16:45:51.617661
2025-04-24 16:46:06,894 - metrics_collector - INFO - Metrics collected at 2025-04-24T16:46:06.749094
2025-04-24 16:46:22,004 - metrics_collector - INFO - Metrics collected at 2025-04-24T16:46:21.900346
2025-04-24 16:46:37,108 - metrics_collector - INFO - Metrics collected at 2025-04-24T16:46:37.008751
2025-04-24 16:46:52,205 - metrics_collector - INFO - Metrics collected at 2025-04-24T16:46:52.113971
2025-04-24 16:47:07,299 - metrics_collector - INFO - Metrics collected at 2025-04-24T16:47:07.207581
2025-04-24 16:47:22,413 - metrics_collector - INFO - Metrics collected at 2025-04-24T16:47:22.304574
2025-04-24 16:47:37,515 - metrics_collector - INFO - Metrics collected at 2025-04-24T16:47:37.416430
2025-04-24 16:47:52,620 - metrics_collector - INFO - Metrics collected at 2025-04-24T16:47:52.520673
2025-04-24 16:48:07,729 - metrics_collector - INFO - Metrics collected at 2025-04-24T16:48:07.620877
2025-04-24 16:48:22,835 - metrics_collector - INFO - Metrics collected at 2025-04-24T16:48:22.731772
2025-04-24 16:48:37,978 - metrics_collector - INFO - Metrics collected at 2025-04-24T16:48:37.837728
2025-04-24 16:48:53,098 - metrics_collector - INFO - Metrics collected at 2025-04-24T16:48:52.984425
2025-04-24 16:49:08,265 - metrics_collector - INFO - Metrics collected at 2025-04-24T16:49:08.102258
2025-04-24 16:49:23,374 - metrics_collector - INFO - Metrics collected at 2025-04-24T16:49:23.268273
2025-04-24 16:49:38,583 - metrics_collector - INFO - Metrics collected at 2025-04-24T16:49:38.380022
2025-04-24 16:49:53,935 - metrics_collector - INFO - Metrics collected at 2025-04-24T16:49:53.592955
2025-04-24 16:50:09,021 - metrics_collector - INFO - Metrics collected at 2025-04-24T16:50:08.942423
2025-04-24 16:50:24,208 - metrics_collector - INFO - Metrics collected at 2025-04-24T16:50:24.026606
2025-04-24 16:50:39,323 - metrics_collector - INFO - Metrics collected at 2025-04-24T16:50:39.214526
2025-04-24 16:50:54,411 - metrics_collector - INFO - Metrics collected at 2025-04-24T16:50:54.326972
2025-04-24 16:51:09,557 - metrics_collector - INFO - Metrics collected at 2025-04-24T16:51:09.416893
2025-04-24 16:51:24,651 - metrics_collector - INFO - Metrics collected at 2025-04-24T16:51:24.563066
2025-04-24 16:51:39,751 - metrics_collector - INFO - Metrics collected at 2025-04-24T16:51:39.656454
2025-04-24 18:25:02,762 - metrics_collector - INFO - Starting metrics collector
2025-04-24 18:25:02,766 - metrics_collector - INFO - Initialized CSV file with headers: ['timestamp', 'workload_type', 'message_rate', 'payload_size', 'batch_size', 'kafka_server_brokertopicmetrics_messagesin_total', 'kafka_server_brokertopicmetrics_bytesin_total', 'message_size_bytes', 'message_rate_variance', 'process_cpu_seconds_total', 'java_lang_memory_heapmemoryusage_used', 'node_disk_io_time_seconds_total', 'memory_usage_variance', 'kafka_network_requestmetrics_totaltimems', 'kafka_server_brokertopicmetrics_totalproducerequests_total', 'java_lang_threading_threadcount', 'request_rate_variance', 'node_memory_MemAvailable_bytes', 'node_disk_read_bytes_total', 'node_disk_write_bytes_total']
2025-04-24 18:25:02,767 - metrics_collector - INFO - Metrics collector started, writing to all_metrics.csv
2025-04-24 18:25:02,874 - metrics_collector - INFO - Metrics collected at 2025-04-24T18:25:02.766831
2025-04-24 18:25:17,955 - metrics_collector - INFO - Metrics collected at 2025-04-24T18:25:17.879127
2025-04-24 18:25:33,046 - metrics_collector - INFO - Metrics collected at 2025-04-24T18:25:32.961112
2025-04-24 18:25:48,162 - metrics_collector - INFO - Metrics collected at 2025-04-24T18:25:48.048932
2025-04-24 18:26:03,268 - metrics_collector - INFO - Metrics collected at 2025-04-24T18:26:03.166608
2025-04-24 18:26:18,364 - metrics_collector - INFO - Metrics collected at 2025-04-24T18:26:18.275233
2025-04-24 18:26:33,474 - metrics_collector - INFO - Metrics collected at 2025-04-24T18:26:33.365774
2025-04-24 18:26:48,574 - metrics_collector - INFO - Metrics collected at 2025-04-24T18:26:48.479552
2025-04-24 18:27:03,703 - metrics_collector - INFO - Metrics collected at 2025-04-24T18:27:03.575413
2025-04-24 18:27:18,788 - metrics_collector - INFO - Metrics collected at 2025-04-24T18:27:18.706296
2025-04-24 18:27:33,890 - metrics_collector - INFO - Metrics collected at 2025-04-24T18:27:33.793266
2025-04-24 18:27:49,030 - metrics_collector - INFO - Metrics collected at 2025-04-24T18:27:48.896329
2025-04-24 18:28:04,255 - metrics_collector - INFO - Metrics collected at 2025-04-24T18:28:04.035663
2025-04-24 18:28:19,340 - metrics_collector - INFO - Metrics collected at 2025-04-24T18:28:19.260011
2025-04-24 18:28:34,505 - metrics_collector - INFO - Metrics collected at 2025-04-24T18:28:34.345199
2025-04-24 18:28:49,597 - metrics_collector - INFO - Metrics collected at 2025-04-24T18:28:49.509114
2025-04-24 18:29:04,708 - metrics_collector - INFO - Metrics collected at 2025-04-24T18:29:04.601182
2025-04-24 18:29:19,806 - metrics_collector - INFO - Metrics collected at 2025-04-24T18:29:19.709631
2025-04-24 18:29:34,903 - metrics_collector - INFO - Metrics collected at 2025-04-24T18:29:34.811726
2025-04-24 18:29:50,033 - metrics_collector - INFO - Metrics collected at 2025-04-24T18:29:49.908921
2025-04-24 18:30:05,148 - metrics_collector - INFO - Metrics collected at 2025-04-24T18:30:05.038896
2025-04-24 18:30:20,261 - metrics_collector - INFO - Metrics collected at 2025-04-24T18:30:20.152208
2025-04-24 18:30:35,372 - metrics_collector - INFO - Metrics collected at 2025-04-24T18:30:35.266905
2025-04-24 18:30:50,508 - metrics_collector - INFO - Metrics collected at 2025-04-24T18:30:50.378259
2025-04-24 18:31:05,603 - metrics_collector - INFO - Metrics collected at 2025-04-24T18:31:05.512405
2025-04-24 18:31:20,767 - metrics_collector - INFO - Metrics collected at 2025-04-24T18:31:20.606394
2025-04-24 18:31:35,844 - metrics_collector - INFO - Metrics collected at 2025-04-24T18:31:35.771251
2025-04-24 18:31:50,935 - metrics_collector - INFO - Metrics collected at 2025-04-24T18:31:50.845829
2025-04-24 18:32:06,018 - metrics_collector - INFO - Metrics collected at 2025-04-24T18:32:05.937124
2025-04-24 18:32:21,237 - metrics_collector - INFO - Metrics collected at 2025-04-24T18:32:21.022205
2025-04-24 18:32:36,391 - metrics_collector - INFO - Metrics collected at 2025-04-24T18:32:36.238468
2025-04-24 18:32:51,555 - metrics_collector - INFO - Metrics collected at 2025-04-24T18:32:51.393650
2025-04-24 18:33:06,744 - metrics_collector - INFO - Metrics collected at 2025-04-24T18:33:06.559741
2025-04-24 18:33:21,936 - metrics_collector - INFO - Metrics collected at 2025-04-24T18:33:21.747520
2025-04-24 18:33:37,062 - metrics_collector - INFO - Metrics collected at 2025-04-24T18:33:36.943228
2025-04-24 18:33:52,154 - metrics_collector - INFO - Metrics collected at 2025-04-24T18:33:52.063913
2025-04-24 18:34:07,349 - metrics_collector - INFO - Metrics collected at 2025-04-24T18:34:07.156418
2025-04-24 18:34:22,526 - metrics_collector - INFO - Metrics collected at 2025-04-24T18:34:22.357343
2025-04-24 18:34:37,895 - metrics_collector - INFO - Metrics collected at 2025-04-24T18:34:37.559473
2025-04-24 18:34:53,044 - metrics_collector - INFO - Metrics collected at 2025-04-24T18:34:52.899566
2025-04-24 18:35:08,338 - metrics_collector - INFO - Metrics collected at 2025-04-24T18:35:08.046477
2025-04-24 18:35:24,131 - metrics_collector - INFO - Metrics collected at 2025-04-24T18:35:23.369861
2025-04-24 18:35:39,286 - metrics_collector - INFO - Metrics collected at 2025-04-24T18:35:39.152849
2025-04-24 18:35:54,426 - metrics_collector - INFO - Metrics collected at 2025-04-24T18:35:54.291601
2025-04-24 18:36:09,611 - metrics_collector - INFO - Metrics collected at 2025-04-24T18:36:09.459227
2025-04-24 18:36:24,679 - metrics_collector - INFO - Metrics collected at 2025-04-24T18:36:24.617458
2025-04-24 18:36:39,755 - metrics_collector - INFO - Metrics collected at 2025-04-24T18:36:39.682932
2025-04-24 18:36:54,860 - metrics_collector - INFO - Metrics collected at 2025-04-24T18:36:54.760434
2025-04-24 18:37:09,983 - metrics_collector - INFO - Metrics collected at 2025-04-24T18:37:09.865864
2025-04-24 18:37:25,088 - metrics_collector - INFO - Metrics collected at 2025-04-24T18:37:24.989545
2025-04-24 18:37:40,201 - metrics_collector - INFO - Metrics collected at 2025-04-24T18:37:40.094170
2025-04-24 18:37:55,312 - metrics_collector - INFO - Metrics collected at 2025-04-24T18:37:55.206041
2025-04-24 18:38:10,467 - metrics_collector - INFO - Metrics collected at 2025-04-24T18:38:10.316119
2025-04-24 18:38:25,593 - metrics_collector - INFO - Metrics collected at 2025-04-24T18:38:25.472712
2025-04-24 18:38:40,939 - metrics_collector - INFO - Metrics collected at 2025-04-24T18:38:40.596014
2025-04-24 18:38:56,066 - metrics_collector - INFO - Metrics collected at 2025-04-24T18:38:55.944431
2025-04-24 18:39:11,467 - metrics_collector - INFO - Metrics collected at 2025-04-24T18:39:11.067623
2025-04-24 18:39:26,556 - metrics_collector - INFO - Metrics collected at 2025-04-24T18:39:26.474930
2025-04-24 18:39:41,691 - metrics_collector - INFO - Metrics collected at 2025-04-24T18:39:41.560879
2025-04-24 18:39:56,779 - metrics_collector - INFO - Metrics collected at 2025-04-24T18:39:56.696778
2025-04-24 18:40:11,920 - metrics_collector - INFO - Metrics collected at 2025-04-24T18:40:11.785210
2025-04-24 18:40:27,023 - metrics_collector - INFO - Metrics collected at 2025-04-24T18:40:26.925585
2025-04-24 18:40:42,248 - metrics_collector - INFO - Metrics collected at 2025-04-24T18:40:42.029114
2025-04-24 18:40:57,356 - metrics_collector - INFO - Metrics collected at 2025-04-24T18:40:57.256905
2025-04-24 18:41:12,570 - metrics_collector - INFO - Metrics collected at 2025-04-24T18:41:12.361875
2025-04-24 18:41:27,878 - metrics_collector - INFO - Metrics collected at 2025-04-24T18:41:27.576136
2025-04-24 18:41:43,149 - metrics_collector - INFO - Metrics collected at 2025-04-24T18:41:42.879399
2025-04-24 18:41:58,565 - metrics_collector - INFO - Metrics collected at 2025-04-24T18:41:58.151514
2025-04-24 18:42:14,252 - metrics_collector - INFO - Metrics collected at 2025-04-24T18:42:13.572863
2025-04-24 18:42:30,985 - metrics_collector - INFO - Metrics collected at 2025-04-24T18:42:29.270019
2025-04-24 18:42:46,287 - metrics_collector - INFO - Metrics collected at 2025-04-24T18:42:45.994712
2025-04-24 18:43:01,423 - metrics_collector - INFO - Metrics collected at 2025-04-24T18:43:01.294118
2025-04-24 18:43:16,686 - metrics_collector - INFO - Metrics collected at 2025-04-24T18:43:16.425617
2025-04-24 18:43:32,049 - metrics_collector - INFO - Metrics collected at 2025-04-24T18:43:31.692188
2025-04-24 18:43:50,509 - metrics_collector - INFO - Metrics collected at 2025-04-24T18:43:47.050497
2025-04-24 18:44:06,457 - metrics_collector - INFO - Metrics collected at 2025-04-24T18:44:05.543724
2025-04-24 18:44:21,690 - metrics_collector - INFO - Metrics collected at 2025-04-24T18:44:21.467416
2025-04-24 18:44:36,825 - metrics_collector - INFO - Metrics collected at 2025-04-24T18:44:36.699687
2025-04-24 18:44:51,953 - metrics_collector - ERROR - Error in metrics collection: [Errno 28] No space left on device
2025-04-24 18:45:07,109 - metrics_collector - ERROR - Error in metrics collection: [Errno 28] No space left on device
2025-04-24 18:45:22,233 - metrics_collector - ERROR - Error in metrics collection: [Errno 28] No space left on device
2025-04-24 18:45:37,345 - metrics_collector - ERROR - Error in metrics collection: [Errno 28] No space left on device
2025-04-24 18:45:52,458 - metrics_collector - ERROR - Error in metrics collection: [Errno 28] No space left on device
2025-04-24 19:11:46,951 - metrics_collector - INFO - Starting metrics collector
2025-04-24 19:11:46,971 - metrics_collector - INFO - Initialized CSV file with headers: ['timestamp', 'workload_type', 'message_rate', 'payload_size', 'batch_size', 'kafka_server_brokertopicmetrics_messagesin_total', 'kafka_server_brokertopicmetrics_bytesin_total', 'message_size_bytes', 'message_rate_variance', 'process_cpu_seconds_total', 'java_lang_memory_heapmemoryusage_used', 'node_disk_io_time_seconds_total', 'memory_usage_variance', 'kafka_network_requestmetrics_totaltimems', 'kafka_server_brokertopicmetrics_totalproducerequests_total', 'java_lang_threading_threadcount', 'request_rate_variance', 'node_memory_MemAvailable_bytes', 'node_disk_read_bytes_total', 'node_disk_write_bytes_total']
2025-04-24 19:11:46,971 - metrics_collector - INFO - Metrics collector started, writing to all_metrics.csv
2025-04-24 19:11:47,057 - metrics_collector - INFO - Metrics collected at 2025-04-24T19:11:46.971529
2025-04-24 19:12:02,158 - metrics_collector - INFO - Metrics collected at 2025-04-24T19:12:02.060372
2025-04-24 19:12:17,255 - metrics_collector - INFO - Metrics collected at 2025-04-24T19:12:17.164170
2025-04-24 19:12:32,329 - metrics_collector - INFO - Metrics collected at 2025-04-24T19:12:32.260753
2025-04-24 19:12:47,438 - metrics_collector - INFO - Metrics collected at 2025-04-24T19:12:47.337481
2025-04-24 19:13:02,520 - metrics_collector - INFO - Metrics collected at 2025-04-24T19:13:02.441324
2025-04-24 19:13:17,626 - metrics_collector - INFO - Metrics collected at 2025-04-24T19:13:17.525884
2025-04-24 19:13:32,732 - metrics_collector - INFO - Metrics collected at 2025-04-24T19:13:32.632863
2025-04-24 19:13:47,846 - metrics_collector - INFO - Metrics collected at 2025-04-24T19:13:47.734132
2025-04-24 19:14:02,935 - metrics_collector - INFO - Metrics collected at 2025-04-24T19:14:02.849673
2025-04-24 19:14:18,012 - metrics_collector - INFO - Metrics collected at 2025-04-24T19:14:17.937837
2025-04-24 19:14:33,085 - metrics_collector - INFO - Metrics collected at 2025-04-24T19:14:33.014763
2025-04-24 19:14:48,197 - metrics_collector - INFO - Metrics collected at 2025-04-24T19:14:48.090369
2025-04-24 19:15:03,319 - metrics_collector - INFO - Metrics collected at 2025-04-24T19:15:03.203362
2025-04-24 19:15:18,426 - metrics_collector - INFO - Metrics collected at 2025-04-24T19:15:18.320420
2025-04-24 19:15:33,534 - metrics_collector - INFO - Metrics collected at 2025-04-24T19:15:33.432336
2025-04-24 19:15:48,636 - metrics_collector - INFO - Metrics collected at 2025-04-24T19:15:48.538900
2025-04-24 19:16:03,739 - metrics_collector - INFO - Metrics collected at 2025-04-24T19:16:03.642208
2025-04-24 19:16:18,836 - metrics_collector - INFO - Metrics collected at 2025-04-24T19:16:18.745043
2025-04-24 19:16:33,943 - metrics_collector - INFO - Metrics collected at 2025-04-24T19:16:33.839475
2025-04-24 19:16:49,035 - metrics_collector - INFO - Metrics collected at 2025-04-24T19:16:48.954836
2025-04-24 19:17:04,159 - metrics_collector - INFO - Metrics collected at 2025-04-24T19:17:04.039594
2025-04-24 19:17:19,275 - metrics_collector - INFO - Metrics collected at 2025-04-24T19:17:19.161853
2025-04-24 19:17:34,453 - metrics_collector - INFO - Metrics collected at 2025-04-24T19:17:34.279943
2025-04-24 19:17:49,552 - metrics_collector - INFO - Metrics collected at 2025-04-24T19:17:49.458154
2025-04-24 19:18:04,636 - metrics_collector - INFO - Metrics collected at 2025-04-24T19:18:04.558162
2025-04-24 19:18:19,729 - metrics_collector - INFO - Metrics collected at 2025-04-24T19:18:19.641115
2025-04-24 19:18:34,827 - metrics_collector - INFO - Metrics collected at 2025-04-24T19:18:34.735439
2025-04-24 19:18:49,932 - metrics_collector - INFO - Metrics collected at 2025-04-24T19:18:49.833224
2025-04-24 19:19:05,050 - metrics_collector - INFO - Metrics collected at 2025-04-24T19:19:04.938686
2025-04-24 19:19:20,194 - metrics_collector - INFO - Metrics collected at 2025-04-24T19:19:20.056110
2025-04-24 19:19:35,320 - metrics_collector - INFO - Metrics collected at 2025-04-24T19:19:35.201081
2025-04-24 19:19:50,422 - metrics_collector - INFO - Metrics collected at 2025-04-24T19:19:50.322663
2025-04-24 19:20:05,526 - metrics_collector - INFO - Metrics collected at 2025-04-24T19:20:05.428400
2025-04-24 19:20:20,614 - metrics_collector - INFO - Metrics collected at 2025-04-24T19:20:20.532712
2025-04-24 19:20:35,711 - metrics_collector - INFO - Metrics collected at 2025-04-24T19:20:35.619712
2025-04-24 19:20:50,813 - metrics_collector - INFO - Metrics collected at 2025-04-24T19:20:50.717461
2025-04-24 19:21:05,908 - metrics_collector - INFO - Metrics collected at 2025-04-24T19:21:05.818792
2025-04-24 19:21:21,009 - metrics_collector - INFO - Metrics collected at 2025-04-24T19:21:20.914430
2025-04-24 19:21:36,099 - metrics_collector - INFO - Metrics collected at 2025-04-24T19:21:36.015034
2025-04-24 19:21:51,208 - metrics_collector - INFO - Metrics collected at 2025-04-24T19:21:51.101635
2025-04-24 19:22:06,300 - metrics_collector - INFO - Metrics collected at 2025-04-24T19:22:06.214608
2025-04-24 19:22:21,395 - metrics_collector - INFO - Metrics collected at 2025-04-24T19:22:21.304653
2025-04-24 19:22:36,493 - metrics_collector - INFO - Metrics collected at 2025-04-24T19:22:36.401138
2025-04-24 19:22:51,591 - metrics_collector - INFO - Metrics collected at 2025-04-24T19:22:51.495516
2025-04-24 19:23:06,650 - metrics_collector - INFO - Metrics collected at 2025-04-24T19:23:06.594526
2025-04-24 19:23:21,730 - metrics_collector - INFO - Metrics collected at 2025-04-24T19:23:21.655713
2025-04-24 19:23:36,839 - metrics_collector - INFO - Metrics collected at 2025-04-24T19:23:36.736819
2025-04-24 19:23:51,933 - metrics_collector - INFO - Metrics collected at 2025-04-24T19:23:51.844498
2025-04-24 19:24:07,019 - metrics_collector - INFO - Metrics collected at 2025-04-24T19:24:06.935678
2025-04-24 19:24:22,108 - metrics_collector - INFO - Metrics collected at 2025-04-24T19:24:22.025137
2025-04-24 19:24:37,218 - metrics_collector - INFO - Metrics collected at 2025-04-24T19:24:37.114863
2025-04-24 19:24:52,325 - metrics_collector - INFO - Metrics collected at 2025-04-24T19:24:52.224636
2025-04-24 19:25:07,437 - metrics_collector - INFO - Metrics collected at 2025-04-24T19:25:07.329732
2025-04-24 19:25:22,552 - metrics_collector - INFO - Metrics collected at 2025-04-24T19:25:22.442083
2025-04-24 19:25:37,647 - metrics_collector - INFO - Metrics collected at 2025-04-24T19:25:37.559021
2025-04-24 19:25:52,742 - metrics_collector - INFO - Metrics collected at 2025-04-24T19:25:52.651404
2025-04-24 19:26:07,871 - metrics_collector - INFO - Metrics collected at 2025-04-24T19:26:07.747638
2025-04-24 19:26:22,994 - metrics_collector - INFO - Metrics collected at 2025-04-24T19:26:22.874753
2025-04-24 19:26:38,105 - metrics_collector - INFO - Metrics collected at 2025-04-24T19:26:37.999380
2025-04-24 19:26:53,212 - metrics_collector - INFO - Metrics collected at 2025-04-24T19:26:53.107806
2025-04-24 19:27:08,323 - metrics_collector - INFO - Metrics collected at 2025-04-24T19:27:08.216546
2025-04-24 19:27:23,453 - metrics_collector - INFO - Metrics collected at 2025-04-24T19:27:23.325666
2025-04-24 19:27:38,529 - metrics_collector - INFO - Metrics collected at 2025-04-24T19:27:38.459206
2025-04-24 19:27:53,625 - metrics_collector - INFO - Metrics collected at 2025-04-24T19:27:53.533070
2025-04-24 19:28:08,705 - metrics_collector - INFO - Metrics collected at 2025-04-24T19:28:08.631948
2025-04-24 19:28:23,834 - metrics_collector - INFO - Metrics collected at 2025-04-24T19:28:23.720254
2025-04-24 19:28:38,999 - metrics_collector - INFO - Metrics collected at 2025-04-24T19:28:38.850962
2025-04-24 19:28:54,138 - metrics_collector - INFO - Metrics collected at 2025-04-24T19:28:54.009678
2025-04-24 19:29:09,214 - metrics_collector - INFO - Metrics collected at 2025-04-24T19:29:09.146701
2025-04-24 19:29:24,331 - metrics_collector - INFO - Metrics collected at 2025-04-24T19:29:24.221585
2025-04-24 19:29:39,397 - metrics_collector - INFO - Metrics collected at 2025-04-24T19:29:39.337443
2025-04-24 19:29:54,494 - metrics_collector - INFO - Metrics collected at 2025-04-24T19:29:54.400738
2025-04-24 19:30:09,629 - metrics_collector - INFO - Metrics collected at 2025-04-24T19:30:09.500030
2025-04-24 19:30:24,785 - metrics_collector - INFO - Metrics collected at 2025-04-24T19:30:24.632499
2025-04-24 19:30:39,845 - metrics_collector - INFO - Metrics collected at 2025-04-24T19:30:39.787780
2025-04-24 19:30:54,947 - metrics_collector - INFO - Metrics collected at 2025-04-24T19:30:54.849225
2025-04-24 19:31:10,042 - metrics_collector - INFO - Metrics collected at 2025-04-24T19:31:09.953998
2025-04-24 19:31:25,214 - metrics_collector - INFO - Metrics collected at 2025-04-24T19:31:25.046613
2025-04-24 19:31:40,323 - metrics_collector - INFO - Metrics collected at 2025-04-24T19:31:40.220029
2025-04-24 19:31:55,438 - metrics_collector - INFO - Metrics collected at 2025-04-24T19:31:55.325360
2025-04-24 19:32:10,543 - metrics_collector - INFO - Metrics collected at 2025-04-24T19:32:10.441621
2025-04-24 19:32:25,637 - metrics_collector - INFO - Metrics collected at 2025-04-24T19:32:25.550108
2025-04-24 19:32:40,711 - metrics_collector - INFO - Metrics collected at 2025-04-24T19:32:40.643592
2025-04-24 19:32:55,776 - metrics_collector - INFO - Metrics collected at 2025-04-24T19:32:55.717339
2025-04-24 19:33:10,854 - metrics_collector - INFO - Metrics collected at 2025-04-24T19:33:10.782558
2025-04-24 19:33:25,934 - metrics_collector - INFO - Metrics collected at 2025-04-24T19:33:25.861585
2025-04-24 19:33:41,016 - metrics_collector - INFO - Metrics collected at 2025-04-24T19:33:40.940673
2025-04-24 19:33:56,097 - metrics_collector - INFO - Metrics collected at 2025-04-24T19:33:56.019155
2025-04-24 19:34:11,179 - metrics_collector - INFO - Metrics collected at 2025-04-24T19:34:11.101722
2025-04-24 19:34:26,281 - metrics_collector - INFO - Metrics collected at 2025-04-24T19:34:26.183783
2025-04-24 19:34:41,381 - metrics_collector - INFO - Metrics collected at 2025-04-24T19:34:41.285877
2025-04-24 19:34:56,514 - metrics_collector - INFO - Metrics collected at 2025-04-24T19:34:56.387449
2025-04-24 19:35:11,614 - metrics_collector - INFO - Metrics collected at 2025-04-24T19:35:11.520763
2025-04-24 19:35:26,836 - metrics_collector - INFO - Metrics collected at 2025-04-24T19:35:26.617191
2025-04-24 19:35:41,947 - metrics_collector - INFO - Metrics collected at 2025-04-24T19:35:41.837857
2025-04-24 19:35:57,032 - metrics_collector - INFO - Metrics collected at 2025-04-24T19:35:56.951964
2025-04-24 19:36:12,139 - metrics_collector - INFO - Metrics collected at 2025-04-24T19:36:12.038390
2025-04-24 19:36:27,250 - metrics_collector - INFO - Metrics collected at 2025-04-24T19:36:27.145597
2025-04-24 19:36:42,360 - metrics_collector - INFO - Metrics collected at 2025-04-24T19:36:42.257021
2025-04-24 19:36:57,472 - metrics_collector - INFO - Metrics collected at 2025-04-24T19:36:57.366691
2025-04-24 19:37:12,667 - metrics_collector - INFO - Metrics collected at 2025-04-24T19:37:12.475158
